<?xml version="1.0" encoding="UTF-8"?>
<!-- Generated by org.testng.reporters.JUnitReportReporter -->
<testsuite skipped="0" hostname="IBM-Testing01" name="listenersdemo.Dataproviderdemo" tests="2" failures="0" timestamp="08 Jan 2020 07:45:22 GMT" time="13.823" errors="0">
  <testcase name="f" time="10.040" classname="listenersdemo.Dataproviderdemo"/>
  <testcase name="f" time="3.783" classname="listenersdemo.Dataproviderdemo"/>
</testsuite> <!-- listenersdemo.Dataproviderdemo -->
