<?xml version="1.0" encoding="UTF-8"?>
<!-- Generated by org.testng.reporters.JUnitReportReporter -->
<testsuite skipped="0" hostname="IBM-Testing01" name="myTestNGpackagegroup.Groupsintesting2" tests="5" failures="0" timestamp="08 Jan 2020 06:01:13 GMT" time="0.010" errors="0">
  <testcase name="regression5" time="0.004" classname="myTestNGpackagegroup.Groupsintesting2"/>
  <testcase name="smoketest4" time="0.000" classname="myTestNGpackagegroup.Groupsintesting2"/>
  <testcase name="somketest3" time="0.001" classname="myTestNGpackagegroup.Groupsintesting2"/>
  <testcase name="regression4" time="0.005" classname="myTestNGpackagegroup.Groupsintesting2"/>
  <testcase name="regression6" time="0.000" classname="myTestNGpackagegroup.Groupsintesting2"/>
</testsuite> <!-- myTestNGpackagegroup.Groupsintesting2 -->
