<?xml version="1.0" encoding="UTF-8"?>
<!-- Generated by org.testng.reporters.JUnitReportReporter -->
<testsuite skipped="0" hostname="IBM-Testing01" name="demowebpomtest.Verifyloginandregister" tests="2" failures="0" timestamp="09 Jan 2020 08:04:28 GMT" time="30.180" errors="0">
  <testcase name="checklogin" time="15.528" classname="demowebpomtest.Verifyloginandregister"/>
  <testcase name="checkrelogin" time="14.652" classname="demowebpomtest.Verifyloginandregister"/>
</testsuite> <!-- demowebpomtest.Verifyloginandregister -->
