<?xml version="1.0" encoding="UTF-8"?>
<!-- Generated by org.testng.reporters.JUnitReportReporter -->
<testsuite skipped="0" hostname="IBM-Testing01" name="myTestNGpackage.VerifyGooglePAge" tests="2" failures="0" timestamp="09 Jan 2020 04:59:03 GMT" time="20.757" errors="0">
  <testcase name="checkitle" time="9.464" classname="myTestNGpackage.VerifyGooglePAge"/>
  <testcase name="checklogo" time="11.293" classname="myTestNGpackage.VerifyGooglePAge"/>
</testsuite> <!-- myTestNGpackage.VerifyGooglePAge -->
