<?xml version="1.0" encoding="UTF-8"?>
<!-- Generated by org.testng.reporters.JUnitReportReporter -->
<testsuite skipped="0" hostname="IBM-Testing01" name="myTestNGpackage.Dependsonmethodsdemo" tests="3" failures="0" timestamp="08 Jan 2020 03:27:05 GMT" time="0.018" errors="0">
  <testcase name="logoff" time="0.002" classname="myTestNGpackage.Dependsonmethodsdemo"/>
  <testcase name="startapp" time="0.015" classname="myTestNGpackage.Dependsonmethodsdemo"/>
  <testcase name="login" time="0.001" classname="myTestNGpackage.Dependsonmethodsdemo"/>
</testsuite> <!-- myTestNGpackage.Dependsonmethodsdemo -->
