<?xml version="1.0" encoding="UTF-8"?>
<!-- Generated by org.testng.reporters.JUnitReportReporter -->
<testsuite skipped="0" hostname="IBM-Testing01" name="myTestNGpackagegroup.Groupsintesting" tests="5" failures="0" timestamp="08 Jan 2020 06:01:13 GMT" time="0.023" errors="0">
  <testcase name="regression3" time="0.001" classname="myTestNGpackagegroup.Groupsintesting"/>
  <testcase name="smoketest2" time="0.002" classname="myTestNGpackagegroup.Groupsintesting"/>
  <testcase name="regression1" time="0.016" classname="myTestNGpackagegroup.Groupsintesting"/>
  <testcase name="regression2" time="0.004" classname="myTestNGpackagegroup.Groupsintesting"/>
  <testcase name="somketest1" time="0.000" classname="myTestNGpackagegroup.Groupsintesting"/>
</testsuite> <!-- myTestNGpackagegroup.Groupsintesting -->
