<?xml version="1.0" encoding="UTF-8"?>
<!-- Generated by org.testng.reporters.JUnitReportReporter -->
<testsuite skipped="0" hostname="IBM-Testing01" name="myTestNGpackage.Annotationdemo" tests="3" failures="0" timestamp="08 Jan 2020 03:37:37 GMT" time="0.015" errors="0">
  <testcase name="login" time="0.011" classname="myTestNGpackage.Annotationdemo"/>
  <testcase name="startapp" time="0.002" classname="myTestNGpackage.Annotationdemo"/>
  <testcase name="logoff" time="0.002" classname="myTestNGpackage.Annotationdemo"/>
</testsuite> <!-- myTestNGpackage.Annotationdemo -->
