<?xml version="1.0" encoding="UTF-8"?>
<!-- Generated by org.testng.reporters.JUnitReportReporter -->
<testsuite skipped="0" hostname="IBM-Testing01" name="myTestNGpackage.AnnotationdemoTest" tests="1" failures="0" timestamp="06 Jan 2020 10:08:16 GMT" time="0.019" errors="0">
  <testcase name="finish" time="0.019" classname="myTestNGpackage.AnnotationdemoTest"/>
</testsuite> <!-- myTestNGpackage.AnnotationdemoTest -->
