<?xml version="1.0" encoding="UTF-8"?>
<!-- Generated by org.testng.reporters.JUnitReportReporter -->
<testsuite skipped="0" hostname="IBM-Testing01" name="myTestNGpackage.Dataproviderdemo" tests="2" failures="0" timestamp="08 Jan 2020 09:40:07 GMT" time="13.835" errors="0">
  <testcase name="f" time="10.437" classname="myTestNGpackage.Dataproviderdemo"/>
  <testcase name="f" time="3.398" classname="myTestNGpackage.Dataproviderdemo"/>
</testsuite> <!-- myTestNGpackage.Dataproviderdemo -->
