<?xml version="1.0" encoding="UTF-8"?>
<!-- Generated by org.testng.reporters.JUnitReportReporter -->
<testsuite skipped="0" hostname="IBM-Testing01" name="demowebpomtest.VerifyRegisterationPOM" tests="1" failures="0" timestamp="09 Jan 2020 06:47:42 GMT" time="24.433" errors="0">
  <testcase name="checklogin" time="24.433" classname="demowebpomtest.VerifyRegisterationPOM"/>
</testsuite> <!-- demowebpomtest.VerifyRegisterationPOM -->
